[ 2017-06-25T01:49:48+08:00 ] 113.46.167.162 /index.php?s=/Control/Public/login.html
INFO: [ view_parse ] --START--
INFO: [ template_filter ] --START--
INFO: Run Behavior\ContentReplaceBehavior [ RunTime:0.000078s ]
INFO: [ template_filter ] --END-- [ RunTime:0.000157s ]
INFO: Run Behavior\ParseTemplateBehavior [ RunTime:0.012557s ]
INFO: [ view_parse ] --END-- [ RunTime:0.012737s ]
INFO: [ view_filter ] --START--
INFO: Run Behavior\WriteHtmlCacheBehavior [ RunTime:0.000347s ]
INFO: [ view_filter ] --END-- [ RunTime:0.000406s ]
INFO: [ app_end ] --START--
INFO: Run Behavior\ShowPageTraceBehavior [ RunTime:0.000997s ]
INFO: [ app_end ] --END-- [ RunTime:0.001058s ]

[ 2017-06-25T01:49:52+08:00 ] 113.46.167.162 /index.php?s=/Control/Public/login.html
INFO: [ view_parse ] --START--
INFO: [ template_filter ] --START--
INFO: Run Behavior\ContentReplaceBehavior [ RunTime:0.000093s ]
INFO: [ template_filter ] --END-- [ RunTime:0.000185s ]
INFO: Run Behavior\ParseTemplateBehavior [ RunTime:0.003458s ]
INFO: [ view_parse ] --END-- [ RunTime:0.003638s ]
INFO: [ view_filter ] --START--
INFO: Run Behavior\WriteHtmlCacheBehavior [ RunTime:0.000101s ]
INFO: [ view_filter ] --END-- [ RunTime:0.000144s ]
INFO: [ app_end ] --START--
INFO: Run Behavior\ShowPageTraceBehavior [ RunTime:0.000112s ]
INFO: [ app_end ] --END-- [ RunTime:0.000159s ]

[ 2017-06-25T17:09:39+08:00 ] 1.180.235.91 /control.php?s=/Public/login.html
INFO: [ view_parse ] --START--
INFO: [ template_filter ] --START--
INFO: Run Behavior\ContentReplaceBehavior [ RunTime:0.000118s ]
INFO: [ template_filter ] --END-- [ RunTime:0.000261s ]
INFO: Run Behavior\ParseTemplateBehavior [ RunTime:0.005758s ]
INFO: [ view_parse ] --END-- [ RunTime:0.005967s ]
INFO: [ view_filter ] --START--
INFO: Run Behavior\WriteHtmlCacheBehavior [ RunTime:0.000268s ]
INFO: [ view_filter ] --END-- [ RunTime:0.000375s ]
INFO: [ app_end ] --START--
INFO: Run Behavior\ShowPageTraceBehavior [ RunTime:0.000166s ]
INFO: [ app_end ] --END-- [ RunTime:0.000258s ]

[ 2017-06-25T17:09:46+08:00 ] 1.180.235.91 /control.php?s=/Public/login.html
INFO: [ app_begin ] --START--
INFO: Run Behavior\ReadHtmlCacheBehavior [ RunTime:0.000084s ]
INFO: [ app_begin ] --END-- [ RunTime:0.000198s ]
NOTIC: [8] Use of undefined constant UC_AUTH_KEY - assumed 'UC_AUTH_KEY' /home/wwwroot/duobao/ThinkPHP/Common/functions.php 第 563 行.
SQL: SHOW COLUMNS FROM `ewshop_admin` [ RunTime:0.0007s ]
SQL: SELECT * FROM `ewshop_admin` WHERE `username` = 'admin' LIMIT 1   [ RunTime:0.0003s ]
NOTIC: [8] Use of undefined constant UC_AUTH_KEY - assumed 'UC_AUTH_KEY' /home/wwwroot/duobao/Ewshop/Control/Model/AdminModel.class.php 第 96 行.
NOTIC: [8] Undefined variable: uid /home/wwwroot/duobao/Ewshop/Control/Model/AdminModel.class.php 第 98 行.
NOTIC: [8] Undefined variable: uid /home/wwwroot/duobao/Ewshop/Control/Model/AdminModel.class.php 第 98 行.
SQL: UPDATE `ewshop_admin` SET `login`=`login`+1,`last_login_time`='1498381786',`last_login_ip`='28633947' WHERE `uid` = 1 [ RunTime:0.0015s ]

[ 2017-06-25T17:09:46+08:00 ] 1.180.235.91 /control.php?s=/Index/index.html
SQL: SHOW COLUMNS FROM `ewshop_menu` [ RunTime:0.0008s ]
SQL: SELECT `id`,`title`,`url` FROM `ewshop_menu` WHERE `pid` = 0 AND `hide` = 0 AND `is_dev` = 0 ORDER BY sort asc  [ RunTime:0.0003s ]
SQL: SELECT `pid` FROM `ewshop_menu` WHERE ( pid !=0 AND url like '%Index/index%' ) LIMIT 1   [ RunTime:0.0011s ]
SQL: SHOW COLUMNS FROM `ewshop_config` [ RunTime:0.0007s ]
SQL: UPDATE `ewshop_config` SET `value`='http://duobao.akng.net' WHERE ( name='DOMAIN' ) [ RunTime:0.0002s ]
INFO: [ view_parse ] --START--
INFO: [ template_filter ] --START--
INFO: Run Behavior\ContentReplaceBehavior [ RunTime:0.000164s ]
INFO: [ template_filter ] --END-- [ RunTime:0.000304s ]
INFO: [ AdminIndex ] --START--
SQL: SHOW COLUMNS FROM `ewshop_addons` [ RunTime:0.0009s ]
SQL: SELECT `config` FROM `ewshop_addons` WHERE `name` = 'SiteStat' AND `status` = 1 LIMIT 1   [ RunTime:0.0002s ]
SQL: SHOW COLUMNS FROM `ewshop_member` [ RunTime:0.0006s ]
SQL: SELECT COUNT(*) AS tp_count FROM `ewshop_member` LIMIT 1   [ RunTime:0.0001s ]
SQL: SHOW COLUMNS FROM `ewshop_action_log` [ RunTime:0.0005s ]
SQL: SELECT COUNT(*) AS tp_count FROM `ewshop_action_log` LIMIT 1   [ RunTime:0.0001s ]
SQL: SHOW COLUMNS FROM `ewshop_document` [ RunTime:0.0006s ]
SQL: SELECT COUNT(*) AS tp_count FROM `ewshop_document` LIMIT 1   [ RunTime:0.0001s ]
SQL: SHOW COLUMNS FROM `ewshop_category` [ RunTime:0.0009s ]
SQL: SELECT COUNT(*) AS tp_count FROM `ewshop_category` LIMIT 1   [ RunTime:0.0002s ]
SQL: SHOW COLUMNS FROM `ewshop_model` [ RunTime:0.0010s ]
SQL: SELECT COUNT(*) AS tp_count FROM `ewshop_model` LIMIT 1   [ RunTime:0.0002s ]
INFO: [ view_parse ] --START--
INFO: [ template_filter ] --START--
INFO: Run Behavior\ContentReplaceBehavior [ RunTime:0.000072s ]
INFO: [ template_filter ] --END-- [ RunTime:-0.015268s ]
INFO: Run Behavior\ParseTemplateBehavior [ RunTime:0.003516s ]
INFO: [ view_parse ] --END-- [ RunTime:0.003611s ]
INFO: [ view_filter ] --START--
INFO: Run Behavior\WriteHtmlCacheBehavior [ RunTime:0.000154s ]
INFO: [ view_filter ] --END-- [ RunTime:0.000225s ]
INFO: Run Addons\SiteStat\SiteStatAddon [ RunTime:0.013610s ]
SQL: SELECT `config` FROM `ewshop_addons` WHERE `name` = 'SystemInfo' AND `status` = 1 LIMIT 1   [ RunTime:0.0006s ]
INFO: [ view_parse ] --START--
INFO: [ template_filter ] --START--
INFO: Run Behavior\ContentReplaceBehavior [ RunTime:0.000082s ]
INFO: [ template_filter ] --END-- [ RunTime:-0.021643s ]
SQL: select version() as v; [ RunTime:0.0002s ]
INFO: Run Behavior\ParseTemplateBehavior [ RunTime:0.005045s ]
INFO: [ view_parse ] --END-- [ RunTime:-0.002266s ]
INFO: [ view_filter ] --START--
INFO: Run Behavior\WriteHtmlCacheBehavior [ RunTime:0.000025s ]
INFO: [ view_filter ] --END-- [ RunTime:-0.007169s ]
INFO: Run Addons\SystemInfo\SystemInfoAddon [ RunTime:0.007240s ]
SQL: SELECT `config` FROM `ewshop_addons` WHERE `name` = 'DevTeam' AND `status` = 1 LIMIT 1   [ RunTime:0.0003s ]
INFO: [ view_parse ] --START--
INFO: [ template_filter ] --START--
INFO: Run Behavior\ContentReplaceBehavior [ RunTime:0.000052s ]
INFO: [ template_filter ] --END-- [ RunTime:-0.025501s ]
INFO: Run Behavior\ParseTemplateBehavior [ RunTime:0.000574s ]
INFO: [ view_parse ] --END-- [ RunTime:-0.008879s ]
INFO: [ view_filter ] --START--
INFO: Run Behavior\WriteHtmlCacheBehavior [ RunTime:0.000011s ]
INFO: [ view_filter ] --END-- [ RunTime:-0.009270s ]
INFO: Run Addons\DevTeam\DevTeamAddon [ RunTime:0.001991s ]
INFO: [ AdminIndex ] --END-- [ RunTime:0.022959s ]
INFO: Run Behavior\ParseTemplateBehavior [ RunTime:0.000772s ]
INFO: [ view_parse ] --END-- [ RunTime:-0.008879s ]
INFO: [ view_filter ] --START--
INFO: Run Behavior\WriteHtmlCacheBehavior [ RunTime:0.000012s ]
INFO: [ view_filter ] --END-- [ RunTime:-0.009458s ]
INFO: [ app_end ] --START--
INFO: Run Behavior\ShowPageTraceBehavior [ RunTime:0.000120s ]
INFO: [ app_end ] --END-- [ RunTime:0.000171s ]

[ 2017-06-25T17:10:09+08:00 ] 1.180.235.91 /control.php?s=/Bidding/index.html
SQL: SHOW COLUMNS FROM `ewshop_menu` [ RunTime:0.0010s ]
SQL: SELECT `id`,`title`,`url` FROM `ewshop_menu` WHERE `pid` = 0 AND `hide` = 0 AND `is_dev` = 0 ORDER BY sort asc  [ RunTime:0.0005s ]
SQL: SELECT `pid` FROM `ewshop_menu` WHERE ( pid !=0 AND url like '%Bidding/index%' ) LIMIT 1   [ RunTime:0.0010s ]
SQL: SELECT * FROM `ewshop_menu` WHERE `id` = 321 LIMIT 1   [ RunTime:0.0002s ]
SQL: SELECT DISTINCT  `group` FROM `ewshop_menu` WHERE `group` <> '' AND `pid` = 321  [ RunTime:0.0006s ]
SQL: SELECT `id`,`url` FROM `ewshop_menu` WHERE `pid` = 321 AND `hide` = 0 AND `is_dev` = 0  [ RunTime:0.0003s ]
SQL: SELECT `id`,`pid`,`title`,`url`,`tip` FROM `ewshop_menu` WHERE `group` = '订单管理' AND `pid` = 321 AND `hide` = 0 AND `is_dev` = 0 ORDER BY sort asc  [ RunTime:0.0003s ]
SQL: SELECT `id`,`pid`,`title`,`url`,`tip` FROM `ewshop_menu` WHERE `group` = '兑换管理' AND `pid` = 321 AND `hide` = 0 AND `is_dev` = 0 ORDER BY sort asc  [ RunTime:0.0003s ]
SQL: SELECT `id`,`pid`,`title`,`url`,`tip` FROM `ewshop_menu` WHERE `group` = '开奖码管理' AND `pid` = 321 AND `hide` = 0 AND `is_dev` = 0 ORDER BY sort asc  [ RunTime:0.0003s ]
SQL: SELECT `id`,`pid`,`title`,`url`,`tip` FROM `ewshop_menu` WHERE `group` = '充值管理' AND `pid` = 321 AND `hide` = 0 AND `is_dev` = 0 ORDER BY sort asc  [ RunTime:0.0003s ]
SQL: SHOW COLUMNS FROM `ewshop_admin` [ RunTime:0.0010s ]
SQL: SELECT `groupid` FROM `ewshop_admin` WHERE `uid` = 1 LIMIT 1   [ RunTime:0.0003s ]
SQL: SHOW COLUMNS FROM `ewshop_win_order` [ RunTime:0.0009s ]
SQL: SELECT COUNT(*) AS tp_count FROM `ewshop_win_order` WHERE `status` = 1 LIMIT 1   [ RunTime:0.0005s ]
SQL: SELECT `id`,`status`,`uid`,`goods_id`,`goods_type`,`order_number`,`period`,`lottery_time`,`num`,`number_section`,`type`,`money_w`,`money`,`create_time`,`ip_info`,`pid`,`money_p`,`paytype`,`pay_time` FROM `ewshop_win_order` WHERE `status` = 1 ORDER BY create_time desc LIMIT 0,20   [ RunTime:0.0012s ]
SQL: SHOW COLUMNS FROM `ewshop_member` [ RunTime:0.0012s ]
SQL: SELECT `nickname` FROM `ewshop_member` WHERE ( uid='673' ) LIMIT 1   [ RunTime:0.0003s ]
SQL: SHOW COLUMNS FROM `ewshop_document` [ RunTime:0.0010s ]
SQL: SELECT `title` FROM `ewshop_document` WHERE `id` = 243 LIMIT 1   [ RunTime:0.0002s ]
NOTIC: [8] Undefined variable: ratio /home/wwwroot/duobao/Ewshop/Control/Controller/BiddingController.class.php 第 68 行.
SQL: SELECT `nickname` FROM `ewshop_member` WHERE ( uid='555' ) LIMIT 1   [ RunTime:0.0002s ]
SQL: SELECT `title` FROM `ewshop_document` WHERE `id` = 243 LIMIT 1   [ RunTime:0.0002s ]
NOTIC: [8] Undefined variable: ratio /home/wwwroot/duobao/Ewshop/Control/Controller/BiddingController.class.php 第 68 行.
SQL: SELECT `nickname` FROM `ewshop_member` WHERE ( uid='555' ) LIMIT 1   [ RunTime:0.0002s ]
SQL: SELECT `title` FROM `ewshop_document` WHERE `id` = 243 LIMIT 1   [ RunTime:0.0002s ]
NOTIC: [8] Undefined variable: ratio /home/wwwroot/duobao/Ewshop/Control/Controller/BiddingController.class.php 第 68 行.
SQL: SELECT `nickname` FROM `ewshop_member` WHERE ( uid='555' ) LIMIT 1   [ RunTime:0.0002s ]
SQL: SELECT `title` FROM `ewshop_document` WHERE `id` = 243 LIMIT 1   [ RunTime:0.0002s ]
NOTIC: [8] Undefined variable: ratio /home/wwwroot/duobao/Ewshop/Control/Controller/BiddingController.class.php 第 68 行.
SQL: SELECT `nickname` FROM `ewshop_member` WHERE ( uid='555' ) LIMIT 1   [ RunTime:0.0002s ]
SQL: SELECT `title` FROM `ewshop_document` WHERE `id` = 243 LIMIT 1   [ RunTime:0.0002s ]
NOTIC: [8] Undefined variable: ratio /home/wwwroot/duobao/Ewshop/Control/Controller/BiddingController.class.php 第 68 行.
SQL: SELECT `nickname` FROM `ewshop_member` WHERE ( uid='667' ) LIMIT 1   [ RunTime:0.0002s ]
SQL: SELECT `title` FROM `ewshop_document` WHERE `id` = 249 LIMIT 1   [ RunTime:0.0002s ]
NOTIC: [8] Undefined variable: ratio /home/wwwroot/duobao/Ewshop/Control/Controller/BiddingController.class.php 第 68 行.
SQL: SELECT `nickname` FROM `ewshop_member` WHERE ( uid='667' ) LIMIT 1   [ RunTime:0.0002s ]
SQL: SELECT `title` FROM `ewshop_document` WHERE `id` = 249 LIMIT 1   [ RunTime:0.0002s ]
NOTIC: [8] Undefined variable: ratio /home/wwwroot/duobao/Ewshop/Control/Controller/BiddingController.class.php 第 68 行.
SQL: SELECT `nickname` FROM `ewshop_member` WHERE ( uid='667' ) LIMIT 1   [ RunTime:0.0002s ]
SQL: SELECT `title` FROM `ewshop_document` WHERE `id` = 249 LIMIT 1   [ RunTime:0.0002s ]
NOTIC: [8] Undefined variable: ratio /home/wwwroot/duobao/Ewshop/Control/Controller/BiddingController.class.php 第 68 行.
SQL: SELECT `nickname` FROM `ewshop_member` WHERE ( uid='667' ) LIMIT 1   [ RunTime:0.0002s ]
SQL: SELECT `title` FROM `ewshop_document` WHERE `id` = 249 LIMIT 1   [ RunTime:0.0002s ]
NOTIC: [8] Undefined variable: ratio /home/wwwroot/duobao/Ewshop/Control/Controller/BiddingController.class.php 第 68 行.
SQL: SELECT `nickname` FROM `ewshop_member` WHERE ( uid='667' ) LIMIT 1   [ RunTime:0.0002s ]
SQL: SELECT `title` FROM `ewshop_document` WHERE `id` = 249 LIMIT 1   [ RunTime:0.0002s ]
NOTIC: [8] Undefined variable: ratio /home/wwwroot/duobao/Ewshop/Control/Controller/BiddingController.class.php 第 68 行.
SQL: SELECT `nickname` FROM `ewshop_member` WHERE ( uid='667' ) LIMIT 1   [ RunTime:0.0002s ]
SQL: SELECT `title` FROM `ewshop_document` WHERE `id` = 243 LIMIT 1   [ RunTime:0.0002s ]
NOTIC: [8] Undefined variable: ratio /home/wwwroot/duobao/Ewshop/Control/Controller/BiddingController.class.php 第 68 行.
SQL: SELECT `nickname` FROM `ewshop_member` WHERE ( uid='555' ) LIMIT 1   [ RunTime:0.0002s ]
SQL: SELECT `title` FROM `ewshop_document` WHERE `id` = 243 LIMIT 1   [ RunTime:0.0002s ]
NOTIC: [8] Undefined variable: ratio /home/wwwroot/duobao/Ewshop/Control/Controller/BiddingController.class.php 第 68 行.
SQL: SELECT `nickname` FROM `ewshop_member` WHERE ( uid='555' ) LIMIT 1   [ RunTime:0.0001s ]
SQL: SELECT `title` FROM `ewshop_document` WHERE `id` = 243 LIMIT 1   [ RunTime:0.0002s ]
NOTIC: [8] Undefined variable: ratio /home/wwwroot/duobao/Ewshop/Control/Controller/BiddingController.class.php 第 68 行.
SQL: SELECT `nickname` FROM `ewshop_member` WHERE ( uid='555' ) LIMIT 1   [ RunTime:0.0002s ]
SQL: SELECT `title` FROM `ewshop_document` WHERE `id` = 243 LIMIT 1   [ RunTime:0.0002s ]
NOTIC: [8] Undefined variable: ratio /home/wwwroot/duobao/Ewshop/Control/Controller/BiddingController.class.php 第 68 行.
SQL: SELECT `nickname` FROM `ewshop_member` WHERE ( uid='555' ) LIMIT 1   [ RunTime:0.0002s ]
SQL: SELECT `title` FROM `ewshop_document` WHERE `id` = 243 LIMIT 1   [ RunTime:0.0002s ]
NOTIC: [8] Undefined variable: ratio /home/wwwroot/duobao/Ewshop/Control/Controller/BiddingController.class.php 第 68 行.
SQL: SELECT `nickname` FROM `ewshop_member` WHERE ( uid='559' ) LIMIT 1   [ RunTime:0.0002s ]
SQL: SELECT `title` FROM `ewshop_document` WHERE `id` = 243 LIMIT 1   [ RunTime:0.0002s ]
NOTIC: [8] Undefined variable: ratio /home/wwwroot/duobao/Ewshop/Control/Controller/BiddingController.class.php 第 68 行.
SQL: SELECT `nickname` FROM `ewshop_member` WHERE ( uid='559' ) LIMIT 1   [ RunTime:0.0002s ]
SQL: SELECT `title` FROM `ewshop_document` WHERE `id` = 243 LIMIT 1   [ RunTime:0.0002s ]
NOTIC: [8] Undefined variable: ratio /home/wwwroot/duobao/Ewshop/Control/Controller/BiddingController.class.php 第 68 行.
SQL: SELECT `nickname` FROM `ewshop_member` WHERE ( uid='555' ) LIMIT 1   [ RunTime:0.0002s ]
SQL: SELECT `title` FROM `ewshop_document` WHERE `id` = 248 LIMIT 1   [ RunTime:0.0002s ]
NOTIC: [8] Undefined variable: ratio /home/wwwroot/duobao/Ewshop/Control/Controller/BiddingController.class.php 第 68 行.
SQL: SELECT `nickname` FROM `ewshop_member` WHERE ( uid='555' ) LIMIT 1   [ RunTime:0.0002s ]
SQL: SELECT `title` FROM `ewshop_document` WHERE `id` = 248 LIMIT 1   [ RunTime:0.0002s ]
NOTIC: [8] Undefined variable: ratio /home/wwwroot/duobao/Ewshop/Control/Controller/BiddingController.class.php 第 68 行.
SQL: SELECT `nickname` FROM `ewshop_member` WHERE ( uid='555' ) LIMIT 1   [ RunTime:0.0002s ]
SQL: SELECT `title` FROM `ewshop_document` WHERE `id` = 248 LIMIT 1   [ RunTime:0.0002s ]
NOTIC: [8] Undefined variable: ratio /home/wwwroot/duobao/Ewshop/Control/Controller/BiddingController.class.php 第 68 行.
INFO: [ view_parse ] --START--
INFO: [ template_filter ] --START--
INFO: Run Behavior\ContentReplaceBehavior [ RunTime:0.000213s ]
INFO: [ template_filter ] --END-- [ RunTime:0.000329s ]
INFO: Run Behavior\ParseTemplateBehavior [ RunTime:0.020120s ]
INFO: [ view_parse ] --END-- [ RunTime:0.020208s ]
INFO: [ view_filter ] --START--
INFO: Run Behavior\WriteHtmlCacheBehavior [ RunTime:0.000143s ]
INFO: [ view_filter ] --END-- [ RunTime:0.000188s ]
INFO: [ app_end ] --START--
INFO: Run Behavior\ShowPageTraceBehavior [ RunTime:0.000189s ]
INFO: [ app_end ] --END-- [ RunTime:0.000325s ]

[ 2017-06-25T17:10:12+08:00 ] 1.180.235.91 /control.php?s=/User/index.html
SQL: SHOW COLUMNS FROM `ewshop_menu` [ RunTime:0.0009s ]
SQL: SELECT `id`,`title`,`url` FROM `ewshop_menu` WHERE `pid` = 0 AND `hide` = 0 AND `is_dev` = 0 ORDER BY sort asc  [ RunTime:0.0004s ]
SQL: SELECT `pid` FROM `ewshop_menu` WHERE ( pid !=0 AND url like '%User/index%' ) LIMIT 1   [ RunTime:0.0003s ]
SQL: SELECT * FROM `ewshop_menu` WHERE `id` = 16 LIMIT 1   [ RunTime:0.0002s ]
SQL: SELECT DISTINCT  `group` FROM `ewshop_menu` WHERE `group` <> '' AND `pid` = 16  [ RunTime:0.0003s ]
SQL: SELECT `id`,`url` FROM `ewshop_menu` WHERE `pid` = 16 AND `hide` = 0 AND `is_dev` = 0  [ RunTime:0.0002s ]
SQL: SELECT `id`,`pid`,`title`,`url`,`tip` FROM `ewshop_menu` WHERE `group` = '用户管理' AND `pid` = 16 AND `hide` = 0 AND `is_dev` = 0 ORDER BY sort asc  [ RunTime:0.0003s ]
SQL: SELECT `id`,`pid`,`title`,`url`,`tip` FROM `ewshop_menu` WHERE `group` = '行为管理' AND `pid` = 16 AND `hide` = 0 AND `is_dev` = 0 ORDER BY sort asc  [ RunTime:0.0002s ]
SQL: SELECT `id`,`pid`,`title`,`url`,`tip` FROM `ewshop_menu` WHERE `group` = '信息管理' AND `pid` = 16 AND `hide` = 0 AND `is_dev` = 0 ORDER BY sort asc  [ RunTime:0.0002s ]
SQL: SELECT `id`,`pid`,`title`,`url`,`tip` FROM `ewshop_menu` WHERE `group` = '加盟管理' AND `pid` = 16 AND `hide` = 0 AND `is_dev` = 0 ORDER BY sort asc  [ RunTime:0.0002s ]
SQL: SHOW COLUMNS FROM `ewshop_admin` [ RunTime:0.0008s ]
SQL: SELECT `groupid` FROM `ewshop_admin` WHERE `uid` = 1 LIMIT 1   [ RunTime:0.0002s ]
SQL: SHOW COLUMNS FROM `ewshop_member` [ RunTime:0.0008s ]
SQL: SELECT COUNT(*) AS tp_count FROM `ewshop_member` WHERE `status` >= 0 AND `nickname` LIKE '%%' LIMIT 1   [ RunTime:0.0005s ]
SQL: SELECT `uid`,`openid`,`find_code`,`nickname`,`headimgurl`,`account`,`paykey`,`sex`,`birthday`,`realname`,`score`,`login`,`reg_ip`,`reg_time`,`last_login_ip`,`last_login_time`,`status`,`parent_id`,`ewm` FROM `ewshop_member` WHERE `status` >= 0 AND `nickname` LIKE '%%' ORDER BY uid desc LIMIT 0,20   [ RunTime:0.0010s ]
SQL: SHOW COLUMNS FROM `ewshop_ucenter_member` [ RunTime:0.0010s ]
SQL: SELECT `mobile` FROM `ewshop_ucenter_member` WHERE ( id='678' ) LIMIT 1   [ RunTime:0.0002s ]
SQL: SELECT `email` FROM `ewshop_ucenter_member` WHERE ( id='678' ) LIMIT 1   [ RunTime:0.0002s ]
SQL: SELECT `mobile` FROM `ewshop_ucenter_member` WHERE ( id='677' ) LIMIT 1   [ RunTime:0.0002s ]
SQL: SELECT `email` FROM `ewshop_ucenter_member` WHERE ( id='677' ) LIMIT 1   [ RunTime:0.0002s ]
SQL: SELECT `mobile` FROM `ewshop_ucenter_member` WHERE ( id='676' ) LIMIT 1   [ RunTime:0.0002s ]
SQL: SELECT `email` FROM `ewshop_ucenter_member` WHERE ( id='676' ) LIMIT 1   [ RunTime:0.0002s ]
SQL: SELECT `mobile` FROM `ewshop_ucenter_member` WHERE ( id='675' ) LIMIT 1   [ RunTime:0.0001s ]
SQL: SELECT `email` FROM `ewshop_ucenter_member` WHERE ( id='675' ) LIMIT 1   [ RunTime:0.0002s ]
SQL: SELECT `mobile` FROM `ewshop_ucenter_member` WHERE ( id='674' ) LIMIT 1   [ RunTime:0.0002s ]
SQL: SELECT `email` FROM `ewshop_ucenter_member` WHERE ( id='674' ) LIMIT 1   [ RunTime:0.0002s ]
SQL: SELECT `mobile` FROM `ewshop_ucenter_member` WHERE ( id='673' ) LIMIT 1   [ RunTime:0.0002s ]
SQL: SELECT `email` FROM `ewshop_ucenter_member` WHERE ( id='673' ) LIMIT 1   [ RunTime:0.0002s ]
SQL: SELECT `mobile` FROM `ewshop_ucenter_member` WHERE ( id='667' ) LIMIT 1   [ RunTime:0.0002s ]
SQL: SELECT `email` FROM `ewshop_ucenter_member` WHERE ( id='667' ) LIMIT 1   [ RunTime:0.0002s ]
SQL: SELECT `mobile` FROM `ewshop_ucenter_member` WHERE ( id='663' ) LIMIT 1   [ RunTime:0.0002s ]
SQL: SELECT `email` FROM `ewshop_ucenter_member` WHERE ( id='663' ) LIMIT 1   [ RunTime:0.0001s ]
SQL: SELECT `mobile` FROM `ewshop_ucenter_member` WHERE ( id='662' ) LIMIT 1   [ RunTime:0.0001s ]
SQL: SELECT `email` FROM `ewshop_ucenter_member` WHERE ( id='662' ) LIMIT 1   [ RunTime:0.0001s ]
SQL: SELECT `mobile` FROM `ewshop_ucenter_member` WHERE ( id='661' ) LIMIT 1   [ RunTime:0.0001s ]
SQL: SELECT `email` FROM `ewshop_ucenter_member` WHERE ( id='661' ) LIMIT 1   [ RunTime:0.0002s ]
SQL: SELECT `mobile` FROM `ewshop_ucenter_member` WHERE ( id='660' ) LIMIT 1   [ RunTime:0.0001s ]
SQL: SELECT `email` FROM `ewshop_ucenter_member` WHERE ( id='660' ) LIMIT 1   [ RunTime:0.0002s ]
SQL: SELECT `mobile` FROM `ewshop_ucenter_member` WHERE ( id='659' ) LIMIT 1   [ RunTime:0.0001s ]
SQL: SELECT `email` FROM `ewshop_ucenter_member` WHERE ( id='659' ) LIMIT 1   [ RunTime:0.0001s ]
SQL: SELECT `mobile` FROM `ewshop_ucenter_member` WHERE ( id='658' ) LIMIT 1   [ RunTime:0.0002s ]
SQL: SELECT `email` FROM `ewshop_ucenter_member` WHERE ( id='658' ) LIMIT 1   [ RunTime:0.0001s ]
SQL: SELECT `mobile` FROM `ewshop_ucenter_member` WHERE ( id='655' ) LIMIT 1   [ RunTime:0.0001s ]
SQL: SELECT `email` FROM `ewshop_ucenter_member` WHERE ( id='655' ) LIMIT 1   [ RunTime:0.0002s ]
SQL: SELECT `mobile` FROM `ewshop_ucenter_member` WHERE ( id='654' ) LIMIT 1   [ RunTime:0.0001s ]
SQL: SELECT `email` FROM `ewshop_ucenter_member` WHERE ( id='654' ) LIMIT 1   [ RunTime:0.0001s ]
SQL: SELECT `mobile` FROM `ewshop_ucenter_member` WHERE ( id='652' ) LIMIT 1   [ RunTime:0.0001s ]
SQL: SELECT `email` FROM `ewshop_ucenter_member` WHERE ( id='652' ) LIMIT 1   [ RunTime:0.0001s ]
SQL: SELECT `mobile` FROM `ewshop_ucenter_member` WHERE ( id='650' ) LIMIT 1   [ RunTime:0.0001s ]
SQL: SELECT `email` FROM `ewshop_ucenter_member` WHERE ( id='650' ) LIMIT 1   [ RunTime:0.0001s ]
SQL: SELECT `mobile` FROM `ewshop_ucenter_member` WHERE ( id='647' ) LIMIT 1   [ RunTime:0.0001s ]
SQL: SELECT `email` FROM `ewshop_ucenter_member` WHERE ( id='647' ) LIMIT 1   [ RunTime:0.0001s ]
SQL: SELECT `mobile` FROM `ewshop_ucenter_member` WHERE ( id='646' ) LIMIT 1   [ RunTime:0.0001s ]
SQL: SELECT `email` FROM `ewshop_ucenter_member` WHERE ( id='646' ) LIMIT 1   [ RunTime:0.0001s ]
SQL: SELECT `mobile` FROM `ewshop_ucenter_member` WHERE ( id='635' ) LIMIT 1   [ RunTime:0.0002s ]
SQL: SELECT `email` FROM `ewshop_ucenter_member` WHERE ( id='635' ) LIMIT 1   [ RunTime:0.0001s ]
INFO: [ view_parse ] --START--
INFO: [ template_filter ] --START--
INFO: Run Behavior\ContentReplaceBehavior [ RunTime:0.000213s ]
INFO: [ template_filter ] --END-- [ RunTime:0.000336s ]
INFO: Run Behavior\ParseTemplateBehavior [ RunTime:0.027932s ]
INFO: [ view_parse ] --END-- [ RunTime:0.028082s ]
INFO: [ view_filter ] --START--
INFO: Run Behavior\WriteHtmlCacheBehavior [ RunTime:0.000268s ]
INFO: [ view_filter ] --END-- [ RunTime:0.000337s ]
INFO: [ app_end ] --START--
INFO: Run Behavior\ShowPageTraceBehavior [ RunTime:0.000169s ]
INFO: [ app_end ] --END-- [ RunTime:0.000220s ]

[ 2017-06-25T17:10:13+08:00 ] 1.180.235.91 /control.php?s=/Ad/index.html
SQL: SHOW COLUMNS FROM `ewshop_menu` [ RunTime:0.0010s ]
SQL: SELECT `id`,`title`,`url` FROM `ewshop_menu` WHERE `pid` = 0 AND `hide` = 0 AND `is_dev` = 0 ORDER BY sort asc  [ RunTime:0.0005s ]
SQL: SELECT `pid` FROM `ewshop_menu` WHERE ( pid !=0 AND url like '%Ad/index%' ) LIMIT 1   [ RunTime:0.0010s ]
SQL: SELECT * FROM `ewshop_menu` WHERE `id` = 158 LIMIT 1   [ RunTime:0.0002s ]
SQL: SELECT DISTINCT  `group` FROM `ewshop_menu` WHERE `group` <> '' AND `pid` = 158  [ RunTime:0.0003s ]
SQL: SELECT `id`,`url` FROM `ewshop_menu` WHERE `pid` = 158 AND `hide` = 0 AND `is_dev` = 0  [ RunTime:0.0003s ]
SQL: SELECT `id`,`pid`,`title`,`url`,`tip` FROM `ewshop_menu` WHERE `group` = '广告管理' AND `pid` = 158 AND `hide` = 0 AND `is_dev` = 0 ORDER BY sort asc  [ RunTime:0.0003s ]
SQL: SHOW COLUMNS FROM `ewshop_ad` [ RunTime:0.0010s ]
SQL: SELECT COUNT(*) AS tp_count FROM `ewshop_ad` WHERE `status` = 1 LIMIT 1   [ RunTime:0.0002s ]
SQL: SELECT `id`,`name`,`title`,`url`,`partner`,`description`,`meta_title`,`place`,`display`,`create_time`,`update_time`,`status`,`icon`,`ypid`,`px`,`ord` FROM `ewshop_ad` WHERE `status` = 1 ORDER BY px ASC ,id desc LIMIT 0,20   [ RunTime:0.0003s ]
SQL: SHOW COLUMNS FROM `ewshop_adposition` [ RunTime:0.0007s ]
SQL: SELECT `id`,`name`,`note`,`create_time` FROM `ewshop_adposition` WHERE `id` = 29 LIMIT 1   [ RunTime:0.0002s ]
SQL: SELECT `id`,`name`,`note`,`create_time` FROM `ewshop_adposition` WHERE `id` = 28 LIMIT 1   [ RunTime:0.0005s ]
INFO: [ view_parse ] --START--
INFO: [ template_filter ] --START--
INFO: Run Behavior\ContentReplaceBehavior [ RunTime:0.000160s ]
INFO: [ template_filter ] --END-- [ RunTime:0.000242s ]
NOTIC: [8] Undefined variable: pid /home/wwwroot/duobao/Runtime/Cache/Control/7a73a39e7d1f368efcf24c3a1334d3d8.php 第 191 行.
SQL: SHOW COLUMNS FROM `ewshop_picture` [ RunTime:0.0008s ]
SQL: SELECT * FROM `ewshop_picture` WHERE `status` = 1 AND `id` = 419 LIMIT 1   [ RunTime:0.0003s ]
SQL: SELECT * FROM `ewshop_picture` WHERE `status` = 1 AND `id` = 419 LIMIT 1   [ RunTime:0.0002s ]
NOTIC: [8] Undefined variable: pid /home/wwwroot/duobao/Runtime/Cache/Control/7a73a39e7d1f368efcf24c3a1334d3d8.php 第 191 行.
SQL: SELECT * FROM `ewshop_picture` WHERE `status` = 1 AND `id` = 628 LIMIT 1   [ RunTime:0.0006s ]
SQL: SELECT * FROM `ewshop_picture` WHERE `status` = 1 AND `id` = 628 LIMIT 1   [ RunTime:0.0002s ]
INFO: Run Behavior\ParseTemplateBehavior [ RunTime:0.021362s ]
INFO: [ view_parse ] --END-- [ RunTime:0.021443s ]
INFO: [ view_filter ] --START--
INFO: Run Behavior\WriteHtmlCacheBehavior [ RunTime:0.000253s ]
INFO: [ view_filter ] --END-- [ RunTime:0.000315s ]
INFO: [ app_end ] --START--
INFO: Run Behavior\ShowPageTraceBehavior [ RunTime:0.000151s ]
INFO: [ app_end ] --END-- [ RunTime:0.000206s ]

[ 2017-06-25T17:10:15+08:00 ] 1.180.235.91 /control.php?s=/Goods/index.html
SQL: SHOW COLUMNS FROM `ewshop_menu` [ RunTime:0.0013s ]
SQL: SELECT `id`,`title`,`url` FROM `ewshop_menu` WHERE `pid` = 0 AND `hide` = 0 AND `is_dev` = 0 ORDER BY sort asc  [ RunTime:0.0005s ]
SQL: SELECT `pid` FROM `ewshop_menu` WHERE ( pid !=0 AND url like '%Goods/index%' ) LIMIT 1   [ RunTime:0.0010s ]
SQL: SELECT * FROM `ewshop_menu` WHERE `id` = 166 LIMIT 1   [ RunTime:0.0004s ]
SQL: SELECT DISTINCT  `group` FROM `ewshop_menu` WHERE `group` <> '' AND `pid` = 166  [ RunTime:0.0004s ]
SQL: SELECT `id`,`url` FROM `ewshop_menu` WHERE `pid` = 166 AND `hide` = 0 AND `is_dev` = 0  [ RunTime:0.0002s ]
SQL: SELECT `id`,`pid`,`title`,`url`,`tip` FROM `ewshop_menu` WHERE `group` = '内容管理' AND `pid` = 166 AND `hide` = 0 AND `is_dev` = 0 ORDER BY sort asc  [ RunTime:0.0003s ]
SQL: SHOW COLUMNS FROM `ewshop_admin` [ RunTime:0.0010s ]
SQL: SELECT `extend_id` FROM ewshop_admin g INNER JOIN ewshop_auth_extend c on g.groupid=c.group_id  WHERE ( g.uid='1' and c.type='1' and !isnull(extend_id) )  [ RunTime:0.0004s ]
SQL: SHOW COLUMNS FROM `ewshop_category` [ RunTime:0.0011s ]
SQL: SELECT `id`,`title`,`pid`,`allow_publish` FROM `ewshop_category` WHERE `status` = 1 AND `ismenu` = 1 ORDER BY pid,sort  [ RunTime:0.0003s ]
SQL: SHOW COLUMNS FROM `ewshop_model` [ RunTime:0.0010s ]
SQL: SELECT * FROM `ewshop_model` WHERE `name` = 'document' LIMIT 1   [ RunTime:0.0003s ]
SQL: SHOW COLUMNS FROM `ewshop_document` [ RunTime:0.0011s ]
SQL: SELECT COUNT(*) AS tp_count FROM ewshop_document DOCUMENT WHERE `status` IN ('0','1','2') AND `pid` = 0 AND `model_id` > 3 LIMIT 1   [ RunTime:0.0003s ]
SQL: SELECT `id`,`title`,`update_time`,`status`,`category_id`,`model_id`,`pid` FROM ewshop_document DOCUMENT WHERE `status` IN ('0','1','2') AND `pid` = 0 AND `model_id` > 3 ORDER BY level DESC,DOCUMENT.id DESC LIMIT 0,20   [ RunTime:0.0003s ]
SQL: SELECT `extend` FROM `ewshop_model` WHERE `id` = 1 LIMIT 1   [ RunTime:0.0002s ]
SQL: SHOW COLUMNS FROM `ewshop_attribute` [ RunTime:0.0010s ]
SQL: SELECT `id`,`name`,`type`,`extra` FROM `ewshop_attribute` WHERE `model_id` = 1  [ RunTime:0.0003s ]
NOTIC: [8] Undefined variable: groups /home/wwwroot/duobao/Ewshop/Control/Controller/GoodsController.class.php 第 238 行.
INFO: [ view_parse ] --START--
INFO: [ template_filter ] --START--
INFO: Run Behavior\ContentReplaceBehavior [ RunTime:0.000242s ]
INFO: [ template_filter ] --END-- [ RunTime:0.000333s ]
NOTIC: [8] Undefined index: _child /home/wwwroot/duobao/Runtime/Cache/Control/4e5db11c00a2ec5717c10fd6d9b5f565.php 第 104 行.
NOTIC: [2] Missing argument 3 for get_list_field(), called in /home/wwwroot/duobao/Runtime/Cache/Control/4e5db11c00a2ec5717c10fd6d9b5f565.php on line 407 and defined /home/wwwroot/duobao/Ewshop/Control/Common/function.php 第 17 行.
NOTIC: [2] Missing argument 3 for get_list_field(), called in /home/wwwroot/duobao/Runtime/Cache/Control/4e5db11c00a2ec5717c10fd6d9b5f565.php on line 407 and defined /home/wwwroot/duobao/Ewshop/Control/Common/function.php 第 17 行.
NOTIC: [8] Undefined variable: model /home/wwwroot/duobao/Ewshop/Control/Common/function.php 第 49 行.
NOTIC: [8] Undefined variable: model /home/wwwroot/duobao/Ewshop/Control/Common/function.php 第 50 行.
NOTIC: [8] Undefined variable: model /home/wwwroot/duobao/Ewshop/Control/Common/function.php 第 51 行.
NOTIC: [2] Missing argument 3 for get_list_field(), called in /home/wwwroot/duobao/Runtime/Cache/Control/4e5db11c00a2ec5717c10fd6d9b5f565.php on line 407 and defined /home/wwwroot/duobao/Ewshop/Control/Common/function.php 第 17 行.
NOTIC: [2] Missing argument 3 for get_list_field(), called in /home/wwwroot/duobao/Runtime/Cache/Control/4e5db11c00a2ec5717c10fd6d9b5f565.php on line 407 and defined /home/wwwroot/duobao/Ewshop/Control/Common/function.php 第 17 行.
NOTIC: [2] Missing argument 3 for get_list_field(), called in /home/wwwroot/duobao/Runtime/Cache/Control/4e5db11c00a2ec5717c10fd6d9b5f565.php on line 407 and defined /home/wwwroot/duobao/Ewshop/Control/Common/function.php 第 17 行.
NOTIC: [8] Undefined variable: model /home/wwwroot/duobao/Ewshop/Control/Common/function.php 第 49 行.
NOTIC: [8] Undefined variable: model /home/wwwroot/duobao/Ewshop/Control/Common/function.php 第 50 行.
NOTIC: [8] Undefined variable: model /home/wwwroot/duobao/Ewshop/Control/Common/function.php 第 51 行.
NOTIC: [8] Undefined variable: model /home/wwwroot/duobao/Ewshop/Control/Common/function.php 第 49 行.
NOTIC: [8] Undefined variable: model /home/wwwroot/duobao/Ewshop/Control/Common/function.php 第 50 行.
NOTIC: [8] Undefined variable: model /home/wwwroot/duobao/Ewshop/Control/Common/function.php 第 51 行.
NOTIC: [2] Missing argument 3 for get_list_field(), called in /home/wwwroot/duobao/Runtime/Cache/Control/4e5db11c00a2ec5717c10fd6d9b5f565.php on line 407 and defined /home/wwwroot/duobao/Ewshop/Control/Common/function.php 第 17 行.
NOTIC: [2] Missing argument 3 for get_list_field(), called in /home/wwwroot/duobao/Runtime/Cache/Control/4e5db11c00a2ec5717c10fd6d9b5f565.php on line 407 and defined /home/wwwroot/duobao/Ewshop/Control/Common/function.php 第 17 行.
NOTIC: [8] Undefined variable: model /home/wwwroot/duobao/Ewshop/Control/Common/function.php 第 49 行.
NOTIC: [8] Undefined variable: model /home/wwwroot/duobao/Ewshop/Control/Common/function.php 第 50 行.
NOTIC: [8] Undefined variable: model /home/wwwroot/duobao/Ewshop/Control/Common/function.php 第 51 行.
NOTIC: [2] Missing argument 3 for get_list_field(), called in /home/wwwroot/duobao/Runtime/Cache/Control/4e5db11c00a2ec5717c10fd6d9b5f565.php on line 407 and defined /home/wwwroot/duobao/Ewshop/Control/Common/function.php 第 17 行.
NOTIC: [2] Missing argument 3 for get_list_field(), called in /home/wwwroot/duobao/Runtime/Cache/Control/4e5db11c00a2ec5717c10fd6d9b5f565.php on line 407 and defined /home/wwwroot/duobao/Ewshop/Control/Common/function.php 第 17 行.
NOTIC: [2] Missing argument 3 for get_list_field(), called in /home/wwwroot/duobao/Runtime/Cache/Control/4e5db11c00a2ec5717c10fd6d9b5f565.php on line 407 and defined /home/wwwroot/duobao/Ewshop/Control/Common/function.php 第 17 行.
NOTIC: [8] Undefined variable: model /home/wwwroot/duobao/Ewshop/Control/Common/function.php 第 49 行.
NOTIC: [8] Undefined variable: model /home/wwwroot/duobao/Ewshop/Control/Common/function.php 第 50 行.
NOTIC: [8] Undefined variable: model /home/wwwroot/duobao/Ewshop/Control/Common/function.php 第 51 行.
NOTIC: [8] Undefined variable: model /home/wwwroot/duobao/Ewshop/Control/Common/function.php 第 49 行.
NOTIC: [8] Undefined variable: model /home/wwwroot/duobao/Ewshop/Control/Common/function.php 第 50 行.
NOTIC: [8] Undefined variable: model /home/wwwroot/duobao/Ewshop/Control/Common/function.php 第 51 行.
NOTIC: [2] Missing argument 3 for get_list_field(), called in /home/wwwroot/duobao/Runtime/Cache/Control/4e5db11c00a2ec5717c10fd6d9b5f565.php on line 407 and defined /home/wwwroot/duobao/Ewshop/Control/Common/function.php 第 17 行.
NOTIC: [2] Missing argument 3 for get_list_field(), called in /home/wwwroot/duobao/Runtime/Cache/Control/4e5db11c00a2ec5717c10fd6d9b5f565.php on line 407 and defined /home/wwwroot/duobao/Ewshop/Control/Common/function.php 第 17 行.
NOTIC: [8] Undefined variable: model /home/wwwroot/duobao/Ewshop/Control/Common/function.php 第 49 行.
NOTIC: [8] Undefined variable: model /home/wwwroot/duobao/Ewshop/Control/Common/function.php 第 50 行.
NOTIC: [8] Undefined variable: model /home/wwwroot/duobao/Ewshop/Control/Common/function.php 第 51 行.
NOTIC: [2] Missing argument 3 for get_list_field(), called in /home/wwwroot/duobao/Runtime/Cache/Control/4e5db11c00a2ec5717c10fd6d9b5f565.php on line 407 and defined /home/wwwroot/duobao/Ewshop/Control/Common/function.php 第 17 行.
NOTIC: [2] Missing argument 3 for get_list_field(), called in /home/wwwroot/duobao/Runtime/Cache/Control/4e5db11c00a2ec5717c10fd6d9b5f565.php on line 407 and defined /home/wwwroot/duobao/Ewshop/Control/Common/function.php 第 17 行.
NOTIC: [2] Missing argument 3 for get_list_field(), called in /home/wwwroot/duobao/Runtime/Cache/Control/4e5db11c00a2ec5717c10fd6d9b5f565.php on line 407 and defined /home/wwwroot/duobao/Ewshop/Control/Common/function.php 第 17 行.
NOTIC: [8] Undefined variable: model /home/wwwroot/duobao/Ewshop/Control/Common/function.php 第 49 行.
NOTIC: [8] Undefined variable: model /home/wwwroot/duobao/Ewshop/Control/Common/function.php 第 50 行.
NOTIC: [8] Undefined variable: model /home/wwwroot/duobao/Ewshop/Control/Common/function.php 第 51 行.
NOTIC: [8] Undefined variable: model /home/wwwroot/duobao/Ewshop/Control/Common/function.php 第 49 行.
NOTIC: [8] Undefined variable: model /home/wwwroot/duobao/Ewshop/Control/Common/function.php 第 50 行.
NOTIC: [8] Undefined variable: model /home/wwwroot/duobao/Ewshop/Control/Common/function.php 第 51 行.
NOTIC: [2] Missing argument 3 for get_list_field(), called in /home/wwwroot/duobao/Runtime/Cache/Control/4e5db11c00a2ec5717c10fd6d9b5f565.php on line 407 and defined /home/wwwroot/duobao/Ewshop/Control/Common/function.php 第 17 行.
NOTIC: [2] Missing argument 3 for get_list_field(), called in /home/wwwroot/duobao/Runtime/Cache/Control/4e5db11c00a2ec5717c10fd6d9b5f565.php on line 407 and defined /home/wwwroot/duobao/Ewshop/Control/Common/function.php 第 17 行.
NOTIC: [8] Undefined variable: model /home/wwwroot/duobao/Ewshop/Control/Common/function.php 第 49 行.
NOTIC: [8] Undefined variable: model /home/wwwroot/duobao/Ewshop/Control/Common/function.php 第 50 行.
NOTIC: [8] Undefined variable: model /home/wwwroot/duobao/Ewshop/Control/Common/function.php 第 51 行.
NOTIC: [2] Missing argument 3 for get_list_field(), called in /home/wwwroot/duobao/Runtime/Cache/Control/4e5db11c00a2ec5717c10fd6d9b5f565.php on line 407 and defined /home/wwwroot/duobao/Ewshop/Control/Common/function.php 第 17 行.
NOTIC: [2] Missing argument 3 for get_list_field(), called in /home/wwwroot/duobao/Runtime/Cache/Control/4e5db11c00a2ec5717c10fd6d9b5f565.php on line 407 and defined /home/wwwroot/duobao/Ewshop/Control/Common/function.php 第 17 行.
NOTIC: [2] Missing argument 3 for get_list_field(), called in /home/wwwroot/duobao/Runtime/Cache/Control/4e5db11c00a2ec5717c10fd6d9b5f565.php on line 407 and defined /home/wwwroot/duobao/Ewshop/Control/Common/function.php 第 17 行.
NOTIC: [8] Undefined variable: model /home/wwwroot/duobao/Ewshop/Control/Common/function.php 第 49 行.
NOTIC: [8] Undefined variable: model /home/wwwroot/duobao/Ewshop/Control/Common/function.php 第 50 行.
NOTIC: [8] Undefined variable: model /home/wwwroot/duobao/Ewshop/Control/Common/function.php 第 51 行.
NOTIC: [8] Undefined variable: model /home/wwwroot/duobao/Ewshop/Control/Common/function.php 第 49 行.
NOTIC: [8] Undefined variable: model /home/wwwroot/duobao/Ewshop/Control/Common/function.php 第 50 行.
NOTIC: [8] Undefined variable: model /home/wwwroot/duobao/Ewshop/Control/Common/function.php 第 51 行.
NOTIC: [2] Missing argument 3 for get_list_field(), called in /home/wwwroot/duobao/Runtime/Cache/Control/4e5db11c00a2ec5717c10fd6d9b5f565.php on line 407 and defined /home/wwwroot/duobao/Ewshop/Control/Common/function.php 第 17 行.
NOTIC: [2] Missing argument 3 for get_list_field(), called in /home/wwwroot/duobao/Runtime/Cache/Control/4e5db11c00a2ec5717c10fd6d9b5f565.php on line 407 and defined /home/wwwroot/duobao/Ewshop/Control/Common/function.php 第 17 行.
NOTIC: [8] Undefined variable: model /home/wwwroot/duobao/Ewshop/Control/Common/function.php 第 49 行.
NOTIC: [8] Undefined variable: model /home/wwwroot/duobao/Ewshop/Control/Common/function.php 第 50 行.
NOTIC: [8] Undefined variable: model /home/wwwroot/duobao/Ewshop/Control/Common/function.php 第 51 行.
NOTIC: [2] Missing argument 3 for get_list_field(), called in /home/wwwroot/duobao/Runtime/Cache/Control/4e5db11c00a2ec5717c10fd6d9b5f565.php on line 407 and defined /home/wwwroot/duobao/Ewshop/Control/Common/function.php 第 17 行.
NOTIC: [2] Missing argument 3 for get_list_field(), called in /home/wwwroot/duobao/Runtime/Cache/Control/4e5db11c00a2ec5717c10fd6d9b5f565.php on line 407 and defined /home/wwwroot/duobao/Ewshop/Control/Common/function.php 第 17 行.
NOTIC: [2] Missing argument 3 for get_list_field(), called in /home/wwwroot/duobao/Runtime/Cache/Control/4e5db11c00a2ec5717c10fd6d9b5f565.php on line 407 and defined /home/wwwroot/duobao/Ewshop/Control/Common/function.php 第 17 行.
NOTIC: [8] Undefined variable: model /home/wwwroot/duobao/Ewshop/Control/Common/function.php 第 49 行.
NOTIC: [8] Undefined variable: model /home/wwwroot/duobao/Ewshop/Control/Common/function.php 第 50 行.
NOTIC: [8] Undefined variable: model /home/wwwroot/duobao/Ewshop/Control/Common/function.php 第 51 行.
NOTIC: [8] Undefined variable: model /home/wwwroot/duobao/Ewshop/Control/Common/function.php 第 49 行.
NOTIC: [8] Undefined variable: model /home/wwwroot/duobao/Ewshop/Control/Common/function.php 第 50 行.
NOTIC: [8] Undefined variable: model /home/wwwroot/duobao/Ewshop/Control/Common/function.php 第 51 行.
NOTIC: [2] Missing argument 3 for get_list_field(), called in /home/wwwroot/duobao/Runtime/Cache/Control/4e5db11c00a2ec5717c10fd6d9b5f565.php on line 407 and defined /home/wwwroot/duobao/Ewshop/Control/Common/function.php 第 17 行.
NOTIC: [2] Missing argument 3 for get_list_field(), called in /home/wwwroot/duobao/Runtime/Cache/Control/4e5db11c00a2ec5717c10fd6d9b5f565.php on line 407 and defined /home/wwwroot/duobao/Ewshop/Control/Common/function.php 第 17 行.
NOTIC: [8] Undefined variable: model /home/wwwroot/duobao/Ewshop/Control/Common/function.php 第 49 行.
NOTIC: [8] Undefined variable: model /home/wwwroot/duobao/Ewshop/Control/Common/function.php 第 50 行.
NOTIC: [8] Undefined variable: model /home/wwwroot/duobao/Ewshop/Control/Common/function.php 第 51 行.
NOTIC: [2] Missing argument 3 for get_list_field(), called in /home/wwwroot/duobao/Runtime/Cache/Control/4e5db11c00a2ec5717c10fd6d9b5f565.php on line 407 and defined /home/wwwroot/duobao/Ewshop/Control/Common/function.php 第 17 行.
NOTIC: [2] Missing argument 3 for get_list_field(), called in /home/wwwroot/duobao/Runtime/Cache/Control/4e5db11c00a2ec5717c10fd6d9b5f565.php on line 407 and defined /home/wwwroot/duobao/Ewshop/Control/Common/function.php 第 17 行.
NOTIC: [2] Missing argument 3 for get_list_field(), called in /home/wwwroot/duobao/Runtime/Cache/Control/4e5db11c00a2ec5717c10fd6d9b5f565.php on line 407 and defined /home/wwwroot/duobao/Ewshop/Control/Common/function.php 第 17 行.
NOTIC: [8] Undefined variable: model /home/wwwroot/duobao/Ewshop/Control/Common/function.php 第 49 行.
NOTIC: [8] Undefined variable: model /home/wwwroot/duobao/Ewshop/Control/Common/function.php 第 50 行.
NOTIC: [8] Undefined variable: model /home/wwwroot/duobao/Ewshop/Control/Common/function.php 第 51 行.
NOTIC: [8] Undefined variable: model /home/wwwroot/duobao/Ewshop/Control/Common/function.php 第 49 行.
NOTIC: [8] Undefined variable: model /home/wwwroot/duobao/Ewshop/Control/Common/function.php 第 50 行.
NOTIC: [8] Undefined variable: model /home/wwwroot/duobao/Ewshop/Control/Common/function.php 第 51 行.
NOTIC: [2] Missing argument 3 for get_list_field(), called in /home/wwwroot/duobao/Runtime/Cache/Control/4e5db11c00a2ec5717c10fd6d9b5f565.php on line 407 and defined /home/wwwroot/duobao/Ewshop/Control/Common/function.php 第 17 行.
NOTIC: [2] Missing argument 3 for get_list_field(), called in /home/wwwroot/duobao/Runtime/Cache/Control/4e5db11c00a2ec5717c10fd6d9b5f565.php on line 407 and defined /home/wwwroot/duobao/Ewshop/Control/Common/function.php 第 17 行.
NOTIC: [8] Undefined variable: model /home/wwwroot/duobao/Ewshop/Control/Common/function.php 第 49 行.
NOTIC: [8] Undefined variable: model /home/wwwroot/duobao/Ewshop/Control/Common/function.php 第 50 行.
NOTIC: [8] Undefined variable: model /home/wwwroot/duobao/Ewshop/Control/Common/function.php 第 51 行.
NOTIC: [2] Missing argument 3 for get_list_field(), called in /home/wwwroot/duobao/Runtime/Cache/Control/4e5db11c00a2ec5717c10fd6d9b5f565.php on line 407 and defined /home/wwwroot/duobao/Ewshop/Control/Common/function.php 第 17 行.
NOTIC: [2] Missing argument 3 for get_list_field(), called in /home/wwwroot/duobao/Runtime/Cache/Control/4e5db11c00a2ec5717c10fd6d9b5f565.php on line 407 and defined /home/wwwroot/duobao/Ewshop/Control/Common/function.php 第 17 行.
NOTIC: [2] Missing argument 3 for get_list_field(), called in /home/wwwroot/duobao/Runtime/Cache/Control/4e5db11c00a2ec5717c10fd6d9b5f565.php on line 407 and defined /home/wwwroot/duobao/Ewshop/Control/Common/function.php 第 17 行.
NOTIC: [8] Undefined variable: model /home/wwwroot/duobao/Ewshop/Control/Common/function.php 第 49 行.
NOTIC: [8] Undefined variable: model /home/wwwroot/duobao/Ewshop/Control/Common/function.php 第 50 行.
NOTIC: [8] Undefined variable: model /home/wwwroot/duobao/Ewshop/Control/Common/function.php 第 51 行.
NOTIC: [8] Undefined variable: model /home/wwwroot/duobao/Ewshop/Control/Common/function.php 第 49 行.
NOTIC: [8] Undefined variable: model /home/wwwroot/duobao/Ewshop/Control/Common/function.php 第 50 行.
NOTIC: [8] Undefined variable: model /home/wwwroot/duobao/Ewshop/Control/Common/function.php 第 51 行.
NOTIC: [2] Missing argument 3 for get_list_field(), called in /home/wwwroot/duobao/Runtime/Cache/Control/4e5db11c00a2ec5717c10fd6d9b5f565.php on line 407 and defined /home/wwwroot/duobao/Ewshop/Control/Common/function.php 第 17 行.
NOTIC: [2] Missing argument 3 for get_list_field(), called in /home/wwwroot/duobao/Runtime/Cache/Control/4e5db11c00a2ec5717c10fd6d9b5f565.php on line 407 and defined /home/wwwroot/duobao/Ewshop/Control/Common/function.php 第 17 行.
NOTIC: [8] Undefined variable: model /home/wwwroot/duobao/Ewshop/Control/Common/function.php 第 49 行.
NOTIC: [8] Undefined variable: model /home/wwwroot/duobao/Ewshop/Control/Common/function.php 第 50 行.
NOTIC: [8] Undefined variable: model /home/wwwroot/duobao/Ewshop/Control/Common/function.php 第 51 行.
NOTIC: [2] Missing argument 3 for get_list_field(), called in /home/wwwroot/duobao/Runtime/Cache/Control/4e5db11c00a2ec5717c10fd6d9b5f565.php on line 407 and defined /home/wwwroot/duobao/Ewshop/Control/Common/function.php 第 17 行.
NOTIC: [2] Missing argument 3 for get_list_field(), called in /home/wwwroot/duobao/Runtime/Cache/Control/4e5db11c00a2ec5717c10fd6d9b5f565.php on line 407 and defined /home/wwwroot/duobao/Ewshop/Control/Common/function.php 第 17 行.
NOTIC: [2] Missing argument 3 for get_list_field(), called in /home/wwwroot/duobao/Runtime/Cache/Control/4e5db11c00a2ec5717c10fd6d9b5f565.php on line 407 and defined /home/wwwroot/duobao/Ewshop/Control/Common/function.php 第 17 行.
NOTIC: [8] Undefined variable: model /home/wwwroot/duobao/Ewshop/Control/Common/function.php 第 49 行.
NOTIC: [8] Undefined variable: model /home/wwwroot/duobao/Ewshop/Control/Common/function.php 第 50 行.
NOTIC: [8] Undefined variable: model /home/wwwroot/duobao/Ewshop/Control/Common/function.php 第 51 行.
NOTIC: [8] Undefined variable: model /home/wwwroot/duobao/Ewshop/Control/Common/function.php 第 49 行.
NOTIC: [8] Undefined variable: model /home/wwwroot/duobao/Ewshop/Control/Common/function.php 第 50 行.
NOTIC: [8] Undefined variable: model /home/wwwroot/duobao/Ewshop/Control/Common/function.php 第 51 行.
NOTIC: [2] Missing argument 3 for get_list_field(), called in /home/wwwroot/duobao/Runtime/Cache/Control/4e5db11c00a2ec5717c10fd6d9b5f565.php on line 407 and defined /home/wwwroot/duobao/Ewshop/Control/Common/function.php 第 17 行.
NOTIC: [2] Missing argument 3 for get_list_field(), called in /home/wwwroot/duobao/Runtime/Cache/Control/4e5db11c00a2ec5717c10fd6d9b5f565.php on line 407 and defined /home/wwwroot/duobao/Ewshop/Control/Common/function.php 第 17 行.
NOTIC: [8] Undefined variable: model /home/wwwroot/duobao/Ewshop/Control/Common/function.php 第 49 行.
NOTIC: [8] Undefined variable: model /home/wwwroot/duobao/Ewshop/Control/Common/function.php 第 50 行.
NOTIC: [8] Undefined variable: model /home/wwwroot/duobao/Ewshop/Control/Common/function.php 第 51 行.
NOTIC: [2] Missing argument 3 for get_list_field(), called in /home/wwwroot/duobao/Runtime/Cache/Control/4e5db11c00a2ec5717c10fd6d9b5f565.php on line 407 and defined /home/wwwroot/duobao/Ewshop/Control/Common/function.php 第 17 行.
NOTIC: [2] Missing argument 3 for get_list_field(), called in /home/wwwroot/duobao/Runtime/Cache/Control/4e5db11c00a2ec5717c10fd6d9b5f565.php on line 407 and defined /home/wwwroot/duobao/Ewshop/Control/Common/function.php 第 17 行.
NOTIC: [2] Missing argument 3 for get_list_field(), called in /home/wwwroot/duobao/Runtime/Cache/Control/4e5db11c00a2ec5717c10fd6d9b5f565.php on line 407 and defined /home/wwwroot/duobao/Ewshop/Control/Common/function.php 第 17 行.
NOTIC: [8] Undefined variable: model /home/wwwroot/duobao/Ewshop/Control/Common/function.php 第 49 行.
NOTIC: [8] Undefined variable: model /home/wwwroot/duobao/Ewshop/Control/Common/function.php 第 50 行.
NOTIC: [8] Undefined variable: model /home/wwwroot/duobao/Ewshop/Control/Common/function.php 第 51 行.
NOTIC: [8] Undefined variable: model /home/wwwroot/duobao/Ewshop/Control/Common/function.php 第 49 行.
NOTIC: [8] Undefined variable: model /home/wwwroot/duobao/Ewshop/Control/Common/function.php 第 50 行.
NOTIC: [8] Undefined variable: model /home/wwwroot/duobao/Ewshop/Control/Common/function.php 第 51 行.
NOTIC: [2] Missing argument 3 for get_list_field(), called in /home/wwwroot/duobao/Runtime/Cache/Control/4e5db11c00a2ec5717c10fd6d9b5f565.php on line 407 and defined /home/wwwroot/duobao/Ewshop/Control/Common/function.php 第 17 行.
NOTIC: [2] Missing argument 3 for get_list_field(), called in /home/wwwroot/duobao/Runtime/Cache/Control/4e5db11c00a2ec5717c10fd6d9b5f565.php on line 407 and defined /home/wwwroot/duobao/Ewshop/Control/Common/function.php 第 17 行.
NOTIC: [8] Undefined variable: model /home/wwwroot/duobao/Ewshop/Control/Common/function.php 第 49 行.
NOTIC: [8] Undefined variable: model /home/wwwroot/duobao/Ewshop/Control/Common/function.php 第 50 行.
NOTIC: [8] Undefined variable: model /home/wwwroot/duobao/Ewshop/Control/Common/function.php 第 51 行.
NOTIC: [2] Missing argument 3 for get_list_field(), called in /home/wwwroot/duobao/Runtime/Cache/Control/4e5db11c00a2ec5717c10fd6d9b5f565.php on line 407 and defined /home/wwwroot/duobao/Ewshop/Control/Common/function.php 第 17 行.
NOTIC: [2] Missing argument 3 for get_list_field(), called in /home/wwwroot/duobao/Runtime/Cache/Control/4e5db11c00a2ec5717c10fd6d9b5f565.php on line 407 and defined /home/wwwroot/duobao/Ewshop/Control/Common/function.php 第 17 行.
NOTIC: [2] Missing argument 3 for get_list_field(), called in /home/wwwroot/duobao/Runtime/Cache/Control/4e5db11c00a2ec5717c10fd6d9b5f565.php on line 407 and defined /home/wwwroot/duobao/Ewshop/Control/Common/function.php 第 17 行.
NOTIC: [8] Undefined variable: model /home/wwwroot/duobao/Ewshop/Control/Common/function.php 第 49 行.
NOTIC: [8] Undefined variable: model /home/wwwroot/duobao/Ewshop/Control/Common/function.php 第 50 行.
NOTIC: [8] Undefined variable: model /home/wwwroot/duobao/Ewshop/Control/Common/function.php 第 51 行.
NOTIC: [8] Undefined variable: model /home/wwwroot/duobao/Ewshop/Control/Common/function.php 第 49 行.
NOTIC: [8] Undefined variable: model /home/wwwroot/duobao/Ewshop/Control/Common/function.php 第 50 行.
NOTIC: [8] Undefined variable: model /home/wwwroot/duobao/Ewshop/Control/Common/function.php 第 51 行.
NOTIC: [2] Missing argument 3 for get_list_field(), called in /home/wwwroot/duobao/Runtime/Cache/Control/4e5db11c00a2ec5717c10fd6d9b5f565.php on line 407 and defined /home/wwwroot/duobao/Ewshop/Control/Common/function.php 第 17 行.
NOTIC: [2] Missing argument 3 for get_list_field(), called in /home/wwwroot/duobao/Runtime/Cache/Control/4e5db11c00a2ec5717c10fd6d9b5f565.php on line 407 and defined /home/wwwroot/duobao/Ewshop/Control/Common/function.php 第 17 行.
NOTIC: [8] Undefined variable: model /home/wwwroot/duobao/Ewshop/Control/Common/function.php 第 49 行.
NOTIC: [8] Undefined variable: model /home/wwwroot/duobao/Ewshop/Control/Common/function.php 第 50 行.
NOTIC: [8] Undefined variable: model /home/wwwroot/duobao/Ewshop/Control/Common/function.php 第 51 行.
NOTIC: [2] Missing argument 3 for get_list_field(), called in /home/wwwroot/duobao/Runtime/Cache/Control/4e5db11c00a2ec5717c10fd6d9b5f565.php on line 407 and defined /home/wwwroot/duobao/Ewshop/Control/Common/function.php 第 17 行.
NOTIC: [2] Missing argument 3 for get_list_field(), called in /home/wwwroot/duobao/Runtime/Cache/Control/4e5db11c00a2ec5717c10fd6d9b5f565.php on line 407 and defined /home/wwwroot/duobao/Ewshop/Control/Common/function.php 第 17 行.
NOTIC: [2] Missing argument 3 for get_list_field(), called in /home/wwwroot/duobao/Runtime/Cache/Control/4e5db11c00a2ec5717c10fd6d9b5f565.php on line 407 and defined /home/wwwroot/duobao/Ewshop/Control/Common/function.php 第 17 行.
NOTIC: [8] Undefined variable: model /home/wwwroot/duobao/Ewshop/Control/Common/function.php 第 49 行.
NOTIC: [8] Undefined variable: model /home/wwwroot/duobao/Ewshop/Control/Common/function.php 第 50 行.
NOTIC: [8] Undefined variable: model /home/wwwroot/duobao/Ewshop/Control/Common/function.php 第 51 行.
NOTIC: [8] Undefined variable: model /home/wwwroot/duobao/Ewshop/Control/Common/function.php 第 49 行.
NOTIC: [8] Undefined variable: model /home/wwwroot/duobao/Ewshop/Control/Common/function.php 第 50 行.
NOTIC: [8] Undefined variable: model /home/wwwroot/duobao/Ewshop/Control/Common/function.php 第 51 行.
NOTIC: [2] Missing argument 3 for get_list_field(), called in /home/wwwroot/duobao/Runtime/Cache/Control/4e5db11c00a2ec5717c10fd6d9b5f565.php on line 407 and defined /home/wwwroot/duobao/Ewshop/Control/Common/function.php 第 17 行.
NOTIC: [2] Missing argument 3 for get_list_field(), called in /home/wwwroot/duobao/Runtime/Cache/Control/4e5db11c00a2ec5717c10fd6d9b5f565.php on line 407 and defined /home/wwwroot/duobao/Ewshop/Control/Common/function.php 第 17 行.
NOTIC: [8] Undefined variable: model /home/wwwroot/duobao/Ewshop/Control/Common/function.php 第 49 行.
NOTIC: [8] Undefined variable: model /home/wwwroot/duobao/Ewshop/Control/Common/function.php 第 50 行.
NOTIC: [8] Undefined variable: model /home/wwwroot/duobao/Ewshop/Control/Common/function.php 第 51 行.
NOTIC: [2] Missing argument 3 for get_list_field(), called in /home/wwwroot/duobao/Runtime/Cache/Control/4e5db11c00a2ec5717c10fd6d9b5f565.php on line 407 and defined /home/wwwroot/duobao/Ewshop/Control/Common/function.php 第 17 行.
NOTIC: [2] Missing argument 3 for get_list_field(), called in /home/wwwroot/duobao/Runtime/Cache/Control/4e5db11c00a2ec5717c10fd6d9b5f565.php on line 407 and defined /home/wwwroot/duobao/Ewshop/Control/Common/function.php 第 17 行.
NOTIC: [2] Missing argument 3 for get_list_field(), called in /home/wwwroot/duobao/Runtime/Cache/Control/4e5db11c00a2ec5717c10fd6d9b5f565.php on line 407 and defined /home/wwwroot/duobao/Ewshop/Control/Common/function.php 第 17 行.
NOTIC: [8] Undefined variable: model /home/wwwroot/duobao/Ewshop/Control/Common/function.php 第 49 行.
NOTIC: [8] Undefined variable: model /home/wwwroot/duobao/Ewshop/Control/Common/function.php 第 50 行.
NOTIC: [8] Undefined variable: model /home/wwwroot/duobao/Ewshop/Control/Common/function.php 第 51 行.
NOTIC: [8] Undefined variable: model /home/wwwroot/duobao/Ewshop/Control/Common/function.php 第 49 行.
NOTIC: [8] Undefined variable: model /home/wwwroot/duobao/Ewshop/Control/Common/function.php 第 50 行.
NOTIC: [8] Undefined variable: model /home/wwwroot/duobao/Ewshop/Control/Common/function.php 第 51 行.
INFO: Run Behavior\ParseTemplateBehavior [ RunTime:0.056771s ]
INFO: [ view_parse ] --END-- [ RunTime:0.056843s ]
INFO: [ view_filter ] --START--
INFO: Run Behavior\WriteHtmlCacheBehavior [ RunTime:0.000194s ]
INFO: [ view_filter ] --END-- [ RunTime:0.000255s ]
INFO: [ app_end ] --START--
INFO: Run Behavior\ShowPageTraceBehavior [ RunTime:0.000109s ]
INFO: [ app_end ] --END-- [ RunTime:0.000159s ]

[ 2017-06-25T17:10:23+08:00 ] 1.180.235.91 /control.php?s=/Config/group.html
SQL: SHOW COLUMNS FROM `ewshop_menu` [ RunTime:0.0007s ]
SQL: SELECT `id`,`title`,`url` FROM `ewshop_menu` WHERE `pid` = 0 AND `hide` = 0 AND `is_dev` = 0 ORDER BY sort asc  [ RunTime:0.0003s ]
SQL: SELECT `pid` FROM `ewshop_menu` WHERE ( pid !=0 AND url like '%Config/group%' ) LIMIT 1   [ RunTime:0.0004s ]
SQL: SELECT * FROM `ewshop_menu` WHERE `id` = 68 LIMIT 1   [ RunTime:0.0001s ]
SQL: SELECT DISTINCT  `group` FROM `ewshop_menu` WHERE `group` <> '' AND `pid` = 68  [ RunTime:0.0003s ]
SQL: SELECT `id`,`url` FROM `ewshop_menu` WHERE `pid` = 68 AND `hide` = 0 AND `is_dev` = 0  [ RunTime:0.0002s ]
SQL: SELECT `id`,`pid`,`title`,`url`,`tip` FROM `ewshop_menu` WHERE `group` = '管理员' AND `pid` = 68 AND `hide` = 0 AND `is_dev` = 0 ORDER BY sort asc  [ RunTime:0.0003s ]
SQL: SELECT `id`,`pid`,`title`,`url`,`tip` FROM `ewshop_menu` WHERE `group` = '系统设置' AND `pid` = 68 AND `hide` = 0 AND `is_dev` = 0 ORDER BY sort asc  [ RunTime:0.0002s ]
SQL: SELECT `id`,`pid`,`title`,`url`,`tip` FROM `ewshop_menu` WHERE `group` = '内容管理' AND `pid` = 68 AND `hide` = 0 AND `is_dev` = 0 ORDER BY sort asc  [ RunTime:0.0002s ]
SQL: SELECT `id`,`pid`,`title`,`url`,`tip` FROM `ewshop_menu` WHERE `group` = '数据备份' AND `pid` = 68 AND `hide` = 0 AND `is_dev` = 0 ORDER BY sort asc  [ RunTime:0.0002s ]
SQL: SHOW COLUMNS FROM `ewshop_config` [ RunTime:0.0006s ]
SQL: SELECT `id`,`name`,`title`,`extra`,`value`,`remark`,`type` FROM `ewshop_config` WHERE `status` = 1 AND `group` = 1 ORDER BY sort  [ RunTime:0.0003s ]
INFO: [ view_parse ] --START--
INFO: [ template_filter ] --START--
INFO: Run Behavior\ContentReplaceBehavior [ RunTime:0.000136s ]
INFO: [ template_filter ] --END-- [ RunTime:0.000248s ]
INFO: Run Behavior\ParseTemplateBehavior [ RunTime:0.020470s ]
INFO: [ view_parse ] --END-- [ RunTime:0.020542s ]
INFO: [ view_filter ] --START--
INFO: Run Behavior\WriteHtmlCacheBehavior [ RunTime:0.000139s ]
INFO: [ view_filter ] --END-- [ RunTime:0.000183s ]
INFO: [ app_end ] --START--
INFO: Run Behavior\ShowPageTraceBehavior [ RunTime:0.000145s ]
INFO: [ app_end ] --END-- [ RunTime:0.000195s ]

[ 2017-06-25T18:12:45+08:00 ] 123.125.71.43 /index.php?s=/Control/Public/login.html
INFO: [ view_parse ] --START--
INFO: [ template_filter ] --START--
INFO: Run Behavior\ContentReplaceBehavior [ RunTime:0.000072s ]
INFO: [ template_filter ] --END-- [ RunTime:0.000184s ]
INFO: Run Behavior\ParseTemplateBehavior [ RunTime:0.003332s ]
INFO: [ view_parse ] --END-- [ RunTime:0.003518s ]
INFO: [ view_filter ] --START--
INFO: Run Behavior\WriteHtmlCacheBehavior [ RunTime:0.000122s ]
INFO: [ view_filter ] --END-- [ RunTime:0.000173s ]
INFO: [ app_end ] --START--
INFO: Run Behavior\ShowPageTraceBehavior [ RunTime:0.000104s ]
INFO: [ app_end ] --END-- [ RunTime:0.000148s ]

[ 2017-06-25T18:53:36+08:00 ] 61.151.226.189 /index.php?s=/Control/Public/login.html
INFO: [ view_parse ] --START--
INFO: [ template_filter ] --START--
INFO: Run Behavior\ContentReplaceBehavior [ RunTime:0.000075s ]
INFO: [ template_filter ] --END-- [ RunTime:0.000148s ]
INFO: Run Behavior\ParseTemplateBehavior [ RunTime:0.003751s ]
INFO: [ view_parse ] --END-- [ RunTime:0.003909s ]
INFO: [ view_filter ] --START--
INFO: Run Behavior\WriteHtmlCacheBehavior [ RunTime:0.000124s ]
INFO: [ view_filter ] --END-- [ RunTime:0.000187s ]
INFO: [ app_end ] --START--
INFO: Run Behavior\ShowPageTraceBehavior [ RunTime:0.000118s ]
INFO: [ app_end ] --END-- [ RunTime:0.000184s ]

